app/build/intermediates/manifest_merge_blame_file/debug/manifest-merger-blame-debug-report.txt
1<?xml version="1.0" encoding="utf-8"?>
2<manifest xmlns:android="http://schemas.android.com/apk/res/android"
3    package="com.callx.app"
4    android:versionCode="162"
5    android:versionName="2.1.62" >
6
7    <uses-sdk
8        android:minSdkVersion="23"
9        android:targetSdkVersion="34" />
10
11    <uses-permission android:name="android.permission.INTERNET" />
11-->src/main/AndroidManifest.xml:3:5-66
11-->src/main/AndroidManifest.xml:3:22-64
12    <uses-permission android:name="android.permission.CAMERA" />
12-->src/main/AndroidManifest.xml:4:5-64
12-->src/main/AndroidManifest.xml:4:22-62
13    <uses-permission android:name="android.permission.RECORD_AUDIO" />
13-->src/main/AndroidManifest.xml:5:5-70
13-->src/main/AndroidManifest.xml:5:22-68
14    <uses-permission android:name="android.permission.MODIFY_AUDIO_SETTINGS" />
14-->src/main/AndroidManifest.xml:6:5-79
14-->src/main/AndroidManifest.xml:6:22-77
15    <uses-permission android:name="android.permission.ACCESS_NETWORK_STATE" />
15-->src/main/AndroidManifest.xml:7:5-78
15-->src/main/AndroidManifest.xml:7:22-76
16    <uses-permission android:name="android.permission.VIBRATE" />
16-->src/main/AndroidManifest.xml:8:5-65
16-->src/main/AndroidManifest.xml:8:22-63
17    <uses-permission android:name="android.permission.POST_NOTIFICATIONS" />
17-->src/main/AndroidManifest.xml:9:5-76
17-->src/main/AndroidManifest.xml:9:22-74
18    <uses-permission android:name="android.permission.WAKE_LOCK" />
18-->src/main/AndroidManifest.xml:10:5-67
18-->src/main/AndroidManifest.xml:10:22-65
19    <uses-permission android:name="android.permission.USE_FULL_SCREEN_INTENT" />
19-->src/main/AndroidManifest.xml:11:5-80
19-->src/main/AndroidManifest.xml:11:22-78
20    <uses-permission android:name="android.permission.SYSTEM_ALERT_WINDOW" />
20-->src/main/AndroidManifest.xml:12:5-77
20-->src/main/AndroidManifest.xml:12:22-75
21    <uses-permission android:name="android.permission.FOREGROUND_SERVICE" />
21-->src/main/AndroidManifest.xml:13:5-76
21-->src/main/AndroidManifest.xml:13:22-74
22    <uses-permission android:name="android.permission.FOREGROUND_SERVICE_PHONE_CALL" />
22-->src/main/AndroidManifest.xml:14:5-87
22-->src/main/AndroidManifest.xml:14:22-85
23    <uses-permission android:name="android.permission.FOREGROUND_SERVICE_MEDIA_PLAYBACK" />
23-->src/main/AndroidManifest.xml:15:5-91
23-->src/main/AndroidManifest.xml:15:22-89
24    <uses-permission android:name="android.permission.FOREGROUND_SERVICE_DATA_SYNC" />
24-->src/main/AndroidManifest.xml:16:5-86
24-->src/main/AndroidManifest.xml:16:22-84
25    <uses-permission android:name="android.permission.RECEIVE_BOOT_COMPLETED" />
25-->src/main/AndroidManifest.xml:17:5-80
25-->src/main/AndroidManifest.xml:17:22-78
26    <uses-permission android:name="android.permission.READ_MEDIA_IMAGES" />
26-->src/main/AndroidManifest.xml:18:5-75
26-->src/main/AndroidManifest.xml:18:22-73
27    <uses-permission android:name="android.permission.READ_MEDIA_VIDEO" />
27-->src/main/AndroidManifest.xml:19:5-74
27-->src/main/AndroidManifest.xml:19:22-72
28    <uses-permission android:name="android.permission.READ_MEDIA_AUDIO" />
28-->src/main/AndroidManifest.xml:20:5-74
28-->src/main/AndroidManifest.xml:20:22-72
29    <uses-permission
29-->src/main/AndroidManifest.xml:21:5-22:37
30        android:name="android.permission.READ_EXTERNAL_STORAGE"
30-->src/main/AndroidManifest.xml:21:22-77
31        android:maxSdkVersion="32" />
31-->src/main/AndroidManifest.xml:22:9-35
32    <uses-permission android:name="android.permission.MANAGE_OWN_CALLS" />
32-->src/main/AndroidManifest.xml:23:5-74
32-->src/main/AndroidManifest.xml:23:22-72
33    <!-- Required by older versions of Google Play services to create IID tokens -->
34    <uses-permission android:name="com.google.android.c2dm.permission.RECEIVE" />
34-->[com.google.firebase:firebase-messaging:23.4.0] AndroidManifest.xml:26:5-82
34-->[com.google.firebase:firebase-messaging:23.4.0] AndroidManifest.xml:26:22-79
35
36    <permission
36-->[androidx.core:core:1.9.0] AndroidManifest.xml:22:5-24:47
37        android:name="com.callx.app.DYNAMIC_RECEIVER_NOT_EXPORTED_PERMISSION"
37-->[androidx.core:core:1.9.0] AndroidManifest.xml:23:9-81
38        android:protectionLevel="signature" />
38-->[androidx.core:core:1.9.0] AndroidManifest.xml:24:9-44
39
40    <uses-permission android:name="com.callx.app.DYNAMIC_RECEIVER_NOT_EXPORTED_PERMISSION" />
40-->[androidx.core:core:1.9.0] AndroidManifest.xml:26:5-97
40-->[androidx.core:core:1.9.0] AndroidManifest.xml:26:22-94
41
42    <application
42-->src/main/AndroidManifest.xml:25:5-116:19
43        android:name="com.callx.app.CallxApp"
43-->src/main/AndroidManifest.xml:26:9-33
44        android:allowBackup="false"
44-->src/main/AndroidManifest.xml:27:9-36
45        android:appComponentFactory="androidx.core.app.CoreComponentFactory"
45-->[androidx.core:core:1.9.0] AndroidManifest.xml:28:18-86
46        android:dataExtractionRules="@xml/data_extraction_rules"
46-->src/main/AndroidManifest.xml:28:9-65
47        android:debuggable="true"
48        android:extractNativeLibs="false"
49        android:fullBackupContent="false"
49-->src/main/AndroidManifest.xml:29:9-42
50        android:icon="@mipmap/ic_launcher"
50-->src/main/AndroidManifest.xml:31:9-43
51        android:label="CallX"
51-->src/main/AndroidManifest.xml:30:9-30
52        android:networkSecurityConfig="@xml/network_security_config"
52-->src/main/AndroidManifest.xml:33:9-69
53        android:supportsRtl="true"
53-->src/main/AndroidManifest.xml:35:9-35
54        android:theme="@style/Theme.CallX"
54-->src/main/AndroidManifest.xml:32:9-43
55        android:usesCleartextTraffic="false" >
55-->src/main/AndroidManifest.xml:34:9-45
56        <activity
56-->src/main/AndroidManifest.xml:37:9-44:20
57            android:name="com.callx.app.activities.AuthActivity"
57-->src/main/AndroidManifest.xml:37:19-58
58            android:exported="true"
58-->src/main/AndroidManifest.xml:38:13-36
59            android:windowSoftInputMode="adjustResize" >
59-->src/main/AndroidManifest.xml:39:13-55
60            <intent-filter>
60-->src/main/AndroidManifest.xml:40:13-43:29
61                <action android:name="android.intent.action.MAIN" />
61-->src/main/AndroidManifest.xml:41:17-68
61-->src/main/AndroidManifest.xml:41:25-66
62
63                <category android:name="android.intent.category.LAUNCHER" />
63-->src/main/AndroidManifest.xml:42:17-76
63-->src/main/AndroidManifest.xml:42:27-74
64            </intent-filter>
65        </activity>
66        <activity
66-->src/main/AndroidManifest.xml:46:9-89
67            android:name="com.callx.app.activities.MainActivity"
67-->src/main/AndroidManifest.xml:46:19-58
68            android:exported="false" />
68-->src/main/AndroidManifest.xml:46:63-87
69        <activity
69-->src/main/AndroidManifest.xml:47:9-48:57
70            android:name="com.callx.app.activities.ChatActivity"
70-->src/main/AndroidManifest.xml:47:19-58
71            android:exported="false"
71-->src/main/AndroidManifest.xml:47:63-87
72            android:windowSoftInputMode="adjustResize" />
72-->src/main/AndroidManifest.xml:48:13-55
73        <activity
73-->src/main/AndroidManifest.xml:49:9-50:57
74            android:name="com.callx.app.activities.GroupChatActivity"
74-->src/main/AndroidManifest.xml:49:19-63
75            android:exported="false"
75-->src/main/AndroidManifest.xml:49:64-88
76            android:windowSoftInputMode="adjustResize" />
76-->src/main/AndroidManifest.xml:50:13-55
77        <activity
77-->src/main/AndroidManifest.xml:51:9-89
78            android:name="com.callx.app.activities.NewGroupActivity"
78-->src/main/AndroidManifest.xml:51:19-62
79            android:exported="false" />
79-->src/main/AndroidManifest.xml:51:63-87
80        <activity
80-->src/main/AndroidManifest.xml:52:9-53:57
81            android:name="com.callx.app.activities.SearchActivity"
81-->src/main/AndroidManifest.xml:52:19-60
82            android:exported="false"
82-->src/main/AndroidManifest.xml:52:63-87
83            android:windowSoftInputMode="adjustResize" />
83-->src/main/AndroidManifest.xml:53:13-55
84        <activity
84-->src/main/AndroidManifest.xml:54:9-89
85            android:name="com.callx.app.activities.RequestsActivity"
85-->src/main/AndroidManifest.xml:54:19-62
86            android:exported="false" />
86-->src/main/AndroidManifest.xml:54:63-87
87        <activity
87-->src/main/AndroidManifest.xml:55:9-60:38
88            android:name="com.callx.app.activities.RequestPopupActivity"
88-->src/main/AndroidManifest.xml:55:19-66
89            android:excludeFromRecents="true"
89-->src/main/AndroidManifest.xml:58:13-46
90            android:exported="false"
90-->src/main/AndroidManifest.xml:56:13-37
91            android:launchMode="singleTop"
91-->src/main/AndroidManifest.xml:59:13-43
92            android:taskAffinity=""
92-->src/main/AndroidManifest.xml:60:13-36
93            android:theme="@style/Theme.CallX.Transparent" />
93-->src/main/AndroidManifest.xml:57:13-59
94        <activity
94-->src/main/AndroidManifest.xml:61:9-89
95            android:name="com.callx.app.activities.ProfileActivity"
95-->src/main/AndroidManifest.xml:61:19-61
96            android:exported="false" />
96-->src/main/AndroidManifest.xml:61:63-87
97        <activity
97-->src/main/AndroidManifest.xml:62:9-64:60
98            android:name="com.callx.app.activities.MediaViewerActivity"
98-->src/main/AndroidManifest.xml:62:19-65
99            android:exported="false"
99-->src/main/AndroidManifest.xml:63:13-37
100            android:theme="@style/Theme.CallX.Fullscreen" />
100-->src/main/AndroidManifest.xml:64:13-58
101        <activity
101-->src/main/AndroidManifest.xml:65:9-67:60
102            android:name="com.callx.app.activities.StatusViewerActivity"
102-->src/main/AndroidManifest.xml:65:19-66
103            android:exported="false"
103-->src/main/AndroidManifest.xml:66:13-37
104            android:theme="@style/Theme.CallX.Fullscreen" />
104-->src/main/AndroidManifest.xml:67:13-58
105        <activity
105-->src/main/AndroidManifest.xml:68:9-69:39
106            android:name="com.callx.app.activities.NewStatusActivity"
106-->src/main/AndroidManifest.xml:68:19-63
107            android:exported="false" />
107-->src/main/AndroidManifest.xml:69:13-37
108        <activity
108-->src/main/AndroidManifest.xml:70:9-73:42
109            android:name="com.callx.app.activities.CallActivity"
109-->src/main/AndroidManifest.xml:70:19-58
110            android:exported="false"
110-->src/main/AndroidManifest.xml:70:59-83
111            android:screenOrientation="portrait"
111-->src/main/AndroidManifest.xml:71:13-49
112            android:showWhenLocked="true"
112-->src/main/AndroidManifest.xml:72:13-42
113            android:turnScreenOn="true" />
113-->src/main/AndroidManifest.xml:73:13-40
114        <activity
114-->src/main/AndroidManifest.xml:74:9-80:42
115            android:name="com.callx.app.activities.IncomingCallActivity"
115-->src/main/AndroidManifest.xml:74:19-66
116            android:excludeFromRecents="true"
116-->src/main/AndroidManifest.xml:78:13-46
117            android:exported="false"
117-->src/main/AndroidManifest.xml:75:13-37
118            android:launchMode="singleInstance"
118-->src/main/AndroidManifest.xml:76:13-48
119            android:screenOrientation="portrait"
119-->src/main/AndroidManifest.xml:77:13-49
120            android:showWhenLocked="true"
120-->src/main/AndroidManifest.xml:79:13-42
121            android:turnScreenOn="true" />
121-->src/main/AndroidManifest.xml:80:13-40
122
123        <service
123-->src/main/AndroidManifest.xml:82:9-87:19
124            android:name="com.callx.app.services.CallxMessagingService"
124-->src/main/AndroidManifest.xml:82:18-64
125            android:exported="false" >
125-->src/main/AndroidManifest.xml:83:13-37
126            <intent-filter>
126-->src/main/AndroidManifest.xml:84:13-86:29
127                <action android:name="com.google.firebase.MESSAGING_EVENT" />
127-->src/main/AndroidManifest.xml:85:17-77
127-->src/main/AndroidManifest.xml:85:25-75
128            </intent-filter>
129        </service>
130        <service
130-->src/main/AndroidManifest.xml:88:9-90:56
131            android:name="com.callx.app.services.CallForegroundService"
131-->src/main/AndroidManifest.xml:88:18-64
132            android:exported="false"
132-->src/main/AndroidManifest.xml:89:13-37
133            android:foregroundServiceType="phoneCall" />
133-->src/main/AndroidManifest.xml:90:13-54
134
135        <receiver
135-->src/main/AndroidManifest.xml:92:9-93:39
136            android:name="com.callx.app.services.NotificationActionReceiver"
136-->src/main/AndroidManifest.xml:92:19-70
137            android:exported="false" />
137-->src/main/AndroidManifest.xml:93:13-37
138
139        <activity
139-->src/main/AndroidManifest.xml:95:9-101:42
140            android:name="com.callx.app.activities.SpecialRequestPopupActivity"
140-->src/main/AndroidManifest.xml:95:19-73
141            android:excludeFromRecents="true"
141-->src/main/AndroidManifest.xml:98:13-46
142            android:exported="false"
142-->src/main/AndroidManifest.xml:96:13-37
143            android:launchMode="singleTask"
143-->src/main/AndroidManifest.xml:99:13-44
144            android:showWhenLocked="true"
144-->src/main/AndroidManifest.xml:100:13-42
145            android:theme="@style/Theme.CallX.Transparent"
145-->src/main/AndroidManifest.xml:97:13-59
146            android:turnScreenOn="true" />
146-->src/main/AndroidManifest.xml:101:13-40
147
148        <provider
148-->src/main/AndroidManifest.xml:103:9-111:20
149            android:name="androidx.core.content.FileProvider"
149-->src/main/AndroidManifest.xml:104:13-62
150            android:authorities="com.callx.app.fileprovider"
150-->src/main/AndroidManifest.xml:105:13-61
151            android:exported="false"
151-->src/main/AndroidManifest.xml:106:13-37
152            android:grantUriPermissions="true" >
152-->src/main/AndroidManifest.xml:107:13-47
153            <meta-data
153-->src/main/AndroidManifest.xml:108:13-110:53
154                android:name="android.support.FILE_PROVIDER_PATHS"
154-->src/main/AndroidManifest.xml:109:17-67
155                android:resource="@xml/file_paths" />
155-->src/main/AndroidManifest.xml:110:17-51
156        </provider>
157
158        <meta-data
158-->src/main/AndroidManifest.xml:113:9-115:42
159            android:name="com.google.firebase.messaging.default_notification_channel_id"
159-->src/main/AndroidManifest.xml:114:13-89
160            android:value="callx_calls" />
160-->src/main/AndroidManifest.xml:115:13-40
161
162        <activity
162-->[com.google.firebase:firebase-auth:22.3.0] AndroidManifest.xml:29:9-46:20
163            android:name="com.google.firebase.auth.internal.GenericIdpActivity"
163-->[com.google.firebase:firebase-auth:22.3.0] AndroidManifest.xml:30:13-80
164            android:excludeFromRecents="true"
164-->[com.google.firebase:firebase-auth:22.3.0] AndroidManifest.xml:31:13-46
165            android:exported="true"
165-->[com.google.firebase:firebase-auth:22.3.0] AndroidManifest.xml:32:13-36
166            android:launchMode="singleTask"
166-->[com.google.firebase:firebase-auth:22.3.0] AndroidManifest.xml:33:13-44
167            android:theme="@android:style/Theme.Translucent.NoTitleBar" >
167-->[com.google.firebase:firebase-auth:22.3.0] AndroidManifest.xml:34:13-72
168            <intent-filter>
168-->[com.google.firebase:firebase-auth:22.3.0] AndroidManifest.xml:35:13-45:29
169                <action android:name="android.intent.action.VIEW" />
169-->[com.google.firebase:firebase-auth:22.3.0] AndroidManifest.xml:36:17-69
169-->[com.google.firebase:firebase-auth:22.3.0] AndroidManifest.xml:36:25-66
170
171                <category android:name="android.intent.category.DEFAULT" />
171-->[com.google.firebase:firebase-auth:22.3.0] AndroidManifest.xml:38:17-76
171-->[com.google.firebase:firebase-auth:22.3.0] AndroidManifest.xml:38:27-73
172                <category android:name="android.intent.category.BROWSABLE" />
172-->[com.google.firebase:firebase-auth:22.3.0] AndroidManifest.xml:39:17-78
172-->[com.google.firebase:firebase-auth:22.3.0] AndroidManifest.xml:39:27-75
173
174                <data
174-->[com.google.firebase:firebase-auth:22.3.0] AndroidManifest.xml:41:17-44:51
175                    android:host="firebase.auth"
175-->[com.google.firebase:firebase-auth:22.3.0] AndroidManifest.xml:42:21-49
176                    android:path="/"
176-->[com.google.firebase:firebase-auth:22.3.0] AndroidManifest.xml:43:21-37
177                    android:scheme="genericidp" />
177-->[com.google.firebase:firebase-auth:22.3.0] AndroidManifest.xml:44:21-48
178            </intent-filter>
179        </activity>
180        <activity
180-->[com.google.firebase:firebase-auth:22.3.0] AndroidManifest.xml:47:9-64:20
181            android:name="com.google.firebase.auth.internal.RecaptchaActivity"
181-->[com.google.firebase:firebase-auth:22.3.0] AndroidManifest.xml:48:13-79
182            android:excludeFromRecents="true"
182-->[com.google.firebase:firebase-auth:22.3.0] AndroidManifest.xml:49:13-46
183            android:exported="true"
183-->[com.google.firebase:firebase-auth:22.3.0] AndroidManifest.xml:50:13-36
184            android:launchMode="singleTask"
184-->[com.google.firebase:firebase-auth:22.3.0] AndroidManifest.xml:51:13-44
185            android:theme="@android:style/Theme.Translucent.NoTitleBar" >
185-->[com.google.firebase:firebase-auth:22.3.0] AndroidManifest.xml:52:13-72
186            <intent-filter>
186-->[com.google.firebase:firebase-auth:22.3.0] AndroidManifest.xml:53:13-63:29
187                <action android:name="android.intent.action.VIEW" />
187-->[com.google.firebase:firebase-auth:22.3.0] AndroidManifest.xml:36:17-69
187-->[com.google.firebase:firebase-auth:22.3.0] AndroidManifest.xml:36:25-66
188
189                <category android:name="android.intent.category.DEFAULT" />
189-->[com.google.firebase:firebase-auth:22.3.0] AndroidManifest.xml:38:17-76
189-->[com.google.firebase:firebase-auth:22.3.0] AndroidManifest.xml:38:27-73
190                <category android:name="android.intent.category.BROWSABLE" />
190-->[com.google.firebase:firebase-auth:22.3.0] AndroidManifest.xml:39:17-78
190-->[com.google.firebase:firebase-auth:22.3.0] AndroidManifest.xml:39:27-75
191
192                <data
192-->[com.google.firebase:firebase-auth:22.3.0] AndroidManifest.xml:41:17-44:51
193                    android:host="firebase.auth"
193-->[com.google.firebase:firebase-auth:22.3.0] AndroidManifest.xml:42:21-49
194                    android:path="/"
194-->[com.google.firebase:firebase-auth:22.3.0] AndroidManifest.xml:43:21-37
195                    android:scheme="recaptcha" />
195-->[com.google.firebase:firebase-auth:22.3.0] AndroidManifest.xml:44:21-48
196            </intent-filter>
197        </activity>
198
199        <service
199-->[com.google.firebase:firebase-auth:22.3.0] AndroidManifest.xml:66:9-72:19
200            android:name="com.google.firebase.components.ComponentDiscoveryService"
200-->[com.google.firebase:firebase-auth:22.3.0] AndroidManifest.xml:67:13-84
201            android:directBootAware="true"
201-->[com.google.firebase:firebase-common:20.4.2] AndroidManifest.xml:32:13-43
202            android:exported="false" >
202-->[com.google.firebase:firebase-auth:22.3.0] AndroidManifest.xml:68:13-37
203            <meta-data
203-->[com.google.firebase:firebase-auth:22.3.0] AndroidManifest.xml:69:13-71:85
204                android:name="com.google.firebase.components:com.google.firebase.auth.FirebaseAuthRegistrar"
204-->[com.google.firebase:firebase-auth:22.3.0] AndroidManifest.xml:70:17-109
205                android:value="com.google.firebase.components.ComponentRegistrar" />
205-->[com.google.firebase:firebase-auth:22.3.0] AndroidManifest.xml:71:17-82
206            <meta-data
206-->[com.google.firebase:firebase-messaging:23.4.0] AndroidManifest.xml:57:13-59:85
207                android:name="com.google.firebase.components:com.google.firebase.messaging.FirebaseMessagingKtxRegistrar"
207-->[com.google.firebase:firebase-messaging:23.4.0] AndroidManifest.xml:58:17-122
208                android:value="com.google.firebase.components.ComponentRegistrar" />
208-->[com.google.firebase:firebase-messaging:23.4.0] AndroidManifest.xml:59:17-82
209            <meta-data
209-->[com.google.firebase:firebase-messaging:23.4.0] AndroidManifest.xml:60:13-62:85
210                android:name="com.google.firebase.components:com.google.firebase.messaging.FirebaseMessagingRegistrar"
210-->[com.google.firebase:firebase-messaging:23.4.0] AndroidManifest.xml:61:17-119
211                android:value="com.google.firebase.components.ComponentRegistrar" />
211-->[com.google.firebase:firebase-messaging:23.4.0] AndroidManifest.xml:62:17-82
212            <meta-data
212-->[com.google.firebase:firebase-database:20.3.0] AndroidManifest.xml:29:13-31:85
213                android:name="com.google.firebase.components:com.google.firebase.database.FirebaseDatabaseKtxRegistrar"
213-->[com.google.firebase:firebase-database:20.3.0] AndroidManifest.xml:30:17-120
214                android:value="com.google.firebase.components.ComponentRegistrar" />
214-->[com.google.firebase:firebase-database:20.3.0] AndroidManifest.xml:31:17-82
215            <meta-data
215-->[com.google.firebase:firebase-database:20.3.0] AndroidManifest.xml:32:13-34:85
216                android:name="com.google.firebase.components:com.google.firebase.database.DatabaseRegistrar"
216-->[com.google.firebase:firebase-database:20.3.0] AndroidManifest.xml:33:17-109
217                android:value="com.google.firebase.components.ComponentRegistrar" />
217-->[com.google.firebase:firebase-database:20.3.0] AndroidManifest.xml:34:17-82
218            <meta-data
218-->[com.google.firebase:firebase-storage:20.3.0] AndroidManifest.xml:30:13-32:85
219                android:name="com.google.firebase.components:com.google.firebase.storage.FirebaseStorageKtxRegistrar"
219-->[com.google.firebase:firebase-storage:20.3.0] AndroidManifest.xml:31:17-118
220                android:value="com.google.firebase.components.ComponentRegistrar" />
220-->[com.google.firebase:firebase-storage:20.3.0] AndroidManifest.xml:32:17-82
221            <meta-data
221-->[com.google.firebase:firebase-storage:20.3.0] AndroidManifest.xml:33:13-35:85
222                android:name="com.google.firebase.components:com.google.firebase.storage.StorageRegistrar"
222-->[com.google.firebase:firebase-storage:20.3.0] AndroidManifest.xml:34:17-107
223                android:value="com.google.firebase.components.ComponentRegistrar" />
223-->[com.google.firebase:firebase-storage:20.3.0] AndroidManifest.xml:35:17-82
224            <meta-data
224-->[com.google.firebase:firebase-installations:17.2.0] AndroidManifest.xml:15:13-17:85
225                android:name="com.google.firebase.components:com.google.firebase.installations.FirebaseInstallationsKtxRegistrar"
225-->[com.google.firebase:firebase-installations:17.2.0] AndroidManifest.xml:16:17-130
226                android:value="com.google.firebase.components.ComponentRegistrar" />
226-->[com.google.firebase:firebase-installations:17.2.0] AndroidManifest.xml:17:17-82
227            <meta-data
227-->[com.google.firebase:firebase-installations:17.2.0] AndroidManifest.xml:18:13-20:85
228                android:name="com.google.firebase.components:com.google.firebase.installations.FirebaseInstallationsRegistrar"
228-->[com.google.firebase:firebase-installations:17.2.0] AndroidManifest.xml:19:17-127
229                android:value="com.google.firebase.components.ComponentRegistrar" />
229-->[com.google.firebase:firebase-installations:17.2.0] AndroidManifest.xml:20:17-82
230            <meta-data
230-->[com.google.firebase:firebase-appcheck:17.1.1] AndroidManifest.xml:25:13-27:85
231                android:name="com.google.firebase.components:com.google.firebase.appcheck.FirebaseAppCheckKtxRegistrar"
231-->[com.google.firebase:firebase-appcheck:17.1.1] AndroidManifest.xml:26:17-120
232                android:value="com.google.firebase.components.ComponentRegistrar" />
232-->[com.google.firebase:firebase-appcheck:17.1.1] AndroidManifest.xml:27:17-82
233            <meta-data
233-->[com.google.firebase:firebase-appcheck:17.1.1] AndroidManifest.xml:28:13-30:85
234                android:name="com.google.firebase.components:com.google.firebase.appcheck.FirebaseAppCheckRegistrar"
234-->[com.google.firebase:firebase-appcheck:17.1.1] AndroidManifest.xml:29:17-117
235                android:value="com.google.firebase.components.ComponentRegistrar" />
235-->[com.google.firebase:firebase-appcheck:17.1.1] AndroidManifest.xml:30:17-82
236            <meta-data
236-->[com.google.firebase:firebase-common-ktx:20.4.2] AndroidManifest.xml:12:13-14:85
237                android:name="com.google.firebase.components:com.google.firebase.ktx.FirebaseCommonLegacyRegistrar"
237-->[com.google.firebase:firebase-common-ktx:20.4.2] AndroidManifest.xml:13:17-116
238                android:value="com.google.firebase.components.ComponentRegistrar" />
238-->[com.google.firebase:firebase-common-ktx:20.4.2] AndroidManifest.xml:14:17-82
239            <meta-data
239-->[com.google.firebase:firebase-common:20.4.2] AndroidManifest.xml:35:13-37:85
240                android:name="com.google.firebase.components:com.google.firebase.FirebaseCommonKtxRegistrar"
240-->[com.google.firebase:firebase-common:20.4.2] AndroidManifest.xml:36:17-109
241                android:value="com.google.firebase.components.ComponentRegistrar" />
241-->[com.google.firebase:firebase-common:20.4.2] AndroidManifest.xml:37:17-82
242            <meta-data
242-->[com.google.firebase:firebase-datatransport:18.1.7] AndroidManifest.xml:27:13-29:85
243                android:name="com.google.firebase.components:com.google.firebase.datatransport.TransportRegistrar"
243-->[com.google.firebase:firebase-datatransport:18.1.7] AndroidManifest.xml:28:17-115
244                android:value="com.google.firebase.components.ComponentRegistrar" />
244-->[com.google.firebase:firebase-datatransport:18.1.7] AndroidManifest.xml:29:17-82
245        </service>
246
247        <receiver
247-->[com.google.firebase:firebase-messaging:23.4.0] AndroidManifest.xml:29:9-40:20
248            android:name="com.google.firebase.iid.FirebaseInstanceIdReceiver"
248-->[com.google.firebase:firebase-messaging:23.4.0] AndroidManifest.xml:30:13-78
249            android:exported="true"
249-->[com.google.firebase:firebase-messaging:23.4.0] AndroidManifest.xml:31:13-36
250            android:permission="com.google.android.c2dm.permission.SEND" >
250-->[com.google.firebase:firebase-messaging:23.4.0] AndroidManifest.xml:32:13-73
251            <intent-filter>
251-->[com.google.firebase:firebase-messaging:23.4.0] AndroidManifest.xml:33:13-35:29
252                <action android:name="com.google.android.c2dm.intent.RECEIVE" />
252-->[com.google.firebase:firebase-messaging:23.4.0] AndroidManifest.xml:34:17-81
252-->[com.google.firebase:firebase-messaging:23.4.0] AndroidManifest.xml:34:25-78
253            </intent-filter>
254
255            <meta-data
255-->[com.google.firebase:firebase-messaging:23.4.0] AndroidManifest.xml:37:13-39:40
256                android:name="com.google.android.gms.cloudmessaging.FINISHED_AFTER_HANDLED"
256-->[com.google.firebase:firebase-messaging:23.4.0] AndroidManifest.xml:38:17-92
257                android:value="true" />
257-->[com.google.firebase:firebase-messaging:23.4.0] AndroidManifest.xml:39:17-37
258        </receiver>
259        <!--
260             FirebaseMessagingService performs security checks at runtime,
261             but set to not exported to explicitly avoid allowing another app to call it.
262        -->
263        <service
263-->[com.google.firebase:firebase-messaging:23.4.0] AndroidManifest.xml:46:9-53:19
264            android:name="com.google.firebase.messaging.FirebaseMessagingService"
264-->[com.google.firebase:firebase-messaging:23.4.0] AndroidManifest.xml:47:13-82
265            android:directBootAware="true"
265-->[com.google.firebase:firebase-messaging:23.4.0] AndroidManifest.xml:48:13-43
266            android:exported="false" >
266-->[com.google.firebase:firebase-messaging:23.4.0] AndroidManifest.xml:49:13-37
267            <intent-filter android:priority="-500" >
267-->src/main/AndroidManifest.xml:84:13-86:29
268                <action android:name="com.google.firebase.MESSAGING_EVENT" />
268-->src/main/AndroidManifest.xml:85:17-77
268-->src/main/AndroidManifest.xml:85:25-75
269            </intent-filter>
270        </service>
271
272        <provider
272-->[com.google.firebase:firebase-common:20.4.2] AndroidManifest.xml:23:9-28:39
273            android:name="com.google.firebase.provider.FirebaseInitProvider"
273-->[com.google.firebase:firebase-common:20.4.2] AndroidManifest.xml:24:13-77
274            android:authorities="com.callx.app.firebaseinitprovider"
274-->[com.google.firebase:firebase-common:20.4.2] AndroidManifest.xml:25:13-72
275            android:directBootAware="true"
275-->[com.google.firebase:firebase-common:20.4.2] AndroidManifest.xml:26:13-43
276            android:exported="false"
276-->[com.google.firebase:firebase-common:20.4.2] AndroidManifest.xml:27:13-37
277            android:initOrder="100" />
277-->[com.google.firebase:firebase-common:20.4.2] AndroidManifest.xml:28:13-36
278
279        <activity
279-->[com.google.android.gms:play-services-base:18.1.0] AndroidManifest.xml:20:9-22:45
280            android:name="com.google.android.gms.common.api.GoogleApiActivity"
280-->[com.google.android.gms:play-services-base:18.1.0] AndroidManifest.xml:20:19-85
281            android:exported="false"
281-->[com.google.android.gms:play-services-base:18.1.0] AndroidManifest.xml:22:19-43